2019-03-09 14:03:07,917:DEBUG main (PoolProcessor.java:76) - PoolProcessor init listeners
2019-03-09 14:03:07,935:DEBUG main (PoolProcessor.java:94) - PoolProcessor init pools
2019-03-09 14:03:07,970:DEBUG main (BaseJdbcLogger.java:159) - ==>  Preparing: select count(1) from pool WHERE status = "C" OR status = "O" 
2019-03-09 14:03:08,001:DEBUG main (BaseJdbcLogger.java:159) - ==> Parameters: 
2019-03-09 14:03:08,027:DEBUG main (BaseJdbcLogger.java:159) - <==      Total: 1
2019-03-09 14:03:08,029:DEBUG main (BaseJdbcLogger.java:159) - ==>  Preparing: select id, pool_id, init_integration, init_participate_integration, integration_max, integration_min, plan_participation_rate, plan_participant_rate, current_participation_rate, current_participant_rate, current_integration, current_participate_integration, participant_num, participation_times, winner_num, success_times, plan_period, plan_end_time, actually_period, actually_end_time,award_integration, profit_integration,is_earn, need_meddle, status, create_time, create_by, update_time, update_by, ver, is_del from pool WHERE status = "C" OR status = "O" 
2019-03-09 14:03:08,030:DEBUG main (BaseJdbcLogger.java:159) - ==> Parameters: 
2019-03-09 14:03:08,047:DEBUG main (BaseJdbcLogger.java:159) - <==      Total: 1
2019-03-09 14:03:08,050:DEBUG main (PoolProcessor.java:110) - current pool's size :1
2019-03-09 14:03:08,051:DEBUG main (PoolProcessor.java:89) - pool_thread starting ...
2019-03-09 14:03:08,636:INFO main (EnumUtils.java:192) - EnumScanner将扫描:com.ygbc.brain
2019-03-09 14:03:08,876:INFO main (EnumUtils.java:106) - 加载枚举:ObjectType
2019-03-09 14:03:08,876:INFO main (EnumUtils.java:106) - 加载枚举:ParticipantPoolChartStatus
2019-03-09 14:03:08,877:INFO main (EnumUtils.java:106) - 加载枚举:UserPoolRecordStatus
2019-03-09 14:03:08,878:INFO main (EnumUtils.java:106) - 加载枚举:InviteNumberStatus
2019-03-09 14:03:08,879:INFO main (EnumUtils.java:106) - 加载枚举:PoolRecordChartStatus
2019-03-09 14:03:08,880:INFO main (EnumUtils.java:106) - 加载枚举:Channel
2019-03-09 14:03:08,880:INFO main (EnumUtils.java:106) - 加载枚举:PoolStatus
2019-03-09 14:03:08,881:INFO main (EnumUtils.java:106) - 加载枚举:UserStatus
2019-03-09 14:03:08,881:INFO main (EnumUtils.java:111) - 加载枚举:AwardLevel
2019-03-09 14:03:08,882:INFO main (EnumUtils.java:111) - 加载枚举:QuestionType
2019-03-09 14:03:08,882:INFO main (EnumUtils.java:111) - 加载枚举:YesNo
2019-03-09 14:03:08,882:INFO main (EnumUtils.java:111) - 加载枚举:AllowType
2019-03-09 14:03:08,882:INFO main (EnumUtils.java:111) - 加载枚举:QuestionDifficulty
2019-03-09 14:03:10,054:DEBUG pool-3-thread-1 (PoolBeLocked.java:18) - ------------ 开奖 ------------
2019-03-09 14:03:10,195:INFO pool-3-thread-1 (MybatisAutoMapperInterceptor.java:50) - 使用插件处理SQL语句
2019-03-09 14:03:10,208:DEBUG pool-3-thread-1 (BaseJdbcLogger.java:159) - ==>  Preparing: update pool set pool_id = ?,init_integration = ?,init_participate_integration = ?,integration_max = ?,integration_min = ?,plan_participation_rate = ?,plan_participant_rate = ?,current_integration = ?,current_participate_integration = ?,current_participation_rate = ?,current_participant_rate = ?,participant_num = ?,participation_times = ?,winner_num = ?,success_times = ?,plan_period = ?,plan_end_time = ?,actually_period = ?,actually_end_time = ?,award_integration = ?,profit_integration = ?,is_earn = ?,need_meddle = ?,status = ?,update_by = ?,ver = ?,is_del = ?,ver = ver + 1 where id = ? 
2019-03-09 14:03:10,213:DEBUG pool-3-thread-1 (BaseJdbcLogger.java:159) - ==> Parameters: 621831088284635136(Long), 50000(Integer), 200(Integer), 700000(Integer), 500000(Integer), 20(Integer), 20(Integer), 50000(Integer), 200(Integer), 0(Integer), 0(Integer), 0(Integer), 0(Integer), 0(Integer), 0(Integer), 10(Integer), 2019-03-09 13:59:39.0(Timestamp), 811(Integer), 2019-03-09 14:03:10.072(Timestamp), 0(Integer), 0(Integer), true(Boolean), false(Boolean), D(String), SYS(String), 0(Integer), false(Boolean), 63(Long)
2019-03-09 14:03:10,285:DEBUG pool-3-thread-1 (BaseJdbcLogger.java:159) - <==    Updates: 1
2019-03-09 14:03:10,702:DEBUG pool-3-thread-1 (BaseJdbcLogger.java:159) - ==>  Preparing: select id, charge_exchange_rate, withdraw_exchange_rate, pool_init_integration, pool_init_participate_integration, pool_plan_participation_rate, pool_plan_participant_rate, pool_integration_max, pool_integration_min, pool_need_meddle, pool_plan_period, user_plan_rate, user_can_invite, user_num_limit, success_line, invite_friend_num_limit, app_version, create_time, create_by, update_time, update_by, ver, is_del from sys_parameter WHERE 1 = 1 
2019-03-09 14:03:10,702:DEBUG pool-3-thread-1 (BaseJdbcLogger.java:159) - ==> Parameters: 
2019-03-09 14:03:10,711:DEBUG pool-3-thread-1 (BaseJdbcLogger.java:159) - <==      Total: 1
2019-03-09 14:03:10,714:INFO pool-3-thread-1 (MybatisAutoMapperInterceptor.java:50) - 使用插件处理SQL语句
2019-03-09 14:03:10,715:DEBUG pool-3-thread-1 (BaseJdbcLogger.java:159) - ==>  Preparing: insert into pool(pool_id,init_integration,init_participate_integration,integration_max,integration_min,plan_participation_rate,plan_participant_rate,current_integration,current_participate_integration,current_participation_rate,current_participant_rate,participant_num,participation_times,winner_num,success_times,plan_period,plan_end_time,award_integration,profit_integration,is_earn,need_meddle,status) values (?,?,?,?,?,?,?,?,?,?,?,?,?,?,?,?,?,?,?,?,?,?) 
2019-03-09 14:03:10,717:DEBUG pool-3-thread-1 (BaseJdbcLogger.java:159) - ==> Parameters: 621834491740033024(Long), 50000(Integer), 200(Integer), 700000(Integer), 500000(Integer), 20(Integer), 20(Integer), 50000(Integer), 200(Integer), 0(Integer), 0(Integer), 0(Integer), 0(Integer), 0(Integer), 0(Integer), 10(Integer), 2019-03-09 14:13:10.712(Timestamp), 0(Integer), 0(Integer), true(Boolean), false(Boolean), C(String)
2019-03-09 14:03:10,734:DEBUG pool-3-thread-1 (BaseJdbcLogger.java:159) - <==    Updates: 1
2019-03-09 14:03:10,735:INFO pool-3-thread-1 (PoolProcessor.java:191) - 新建一个奖池。编号：621834491740033024
2019-03-09 14:06:54,809:INFO qtp904031493-31 (LogAspect.java:32) - com.ygbc.brain.business.management.api.impl.PoolServiceFacadeImpl.getCurrentPool开始执行
2019-03-09 14:06:54,844:INFO qtp904031493-31 (LogAspect.java:51) - 请求参数1:{"data":{},"pending":false}
2019-03-09 14:06:54,945:INFO qtp904031493-31 (LogAspect.java:64) - com.ygbc.brain.business.management.api.impl.PoolServiceFacadeImpl.getCurrentPool返回值:{"data":{"awardIntegration":0,"createTime":"2019-03-09 14:03:10","currentIntegration":50000,"currentParticipantRate":0,"currentParticipateIntegration":200,"currentParticipationRate":0,"id":64,"initIntegration":50000,"initParticipateIntegration":200,"integrationMax":700000,"integrationMin":500000,"isDel":false,"isEarn":true,"needMeddle":false,"participantNum":0,"participationTimes":0,"planEndTime":"2019-03-09 14:13:10","planParticipantRate":20,"planParticipationRate":20,"planPeriod":10,"poolId":621834491740033024,"profitIntegration":0,"status":"C","successTimes":0,"ver":6,"winnerNum":0},"pageNo":1,"pageSize":10,"respCode":"0000","respMsg":"成功","totalCount":0,"totalPage":0}
2019-03-09 14:13:11,100:DEBUG pool-3-thread-1 (PoolBeLocked.java:18) - ------------ 开奖 ------------
2019-03-09 14:13:11,101:INFO pool-3-thread-1 (MybatisAutoMapperInterceptor.java:50) - 使用插件处理SQL语句
2019-03-09 14:13:11,117:DEBUG pool-3-thread-1 (BaseJdbcLogger.java:159) - ==>  Preparing: update pool set pool_id = ?,init_integration = ?,init_participate_integration = ?,integration_max = ?,integration_min = ?,plan_participation_rate = ?,plan_participant_rate = ?,current_integration = ?,current_participate_integration = ?,current_participation_rate = ?,current_participant_rate = ?,participant_num = ?,participation_times = ?,winner_num = ?,success_times = ?,plan_period = ?,plan_end_time = ?,actually_period = ?,actually_end_time = ?,award_integration = ?,profit_integration = ?,is_earn = ?,need_meddle = ?,status = ?,ver = ?,is_del = ?,ver = ver + 1 where id = ? 
2019-03-09 14:13:11,119:DEBUG pool-3-thread-1 (BaseJdbcLogger.java:159) - ==> Parameters: 621834491740033024(Long), 50000(Integer), 200(Integer), 700000(Integer), 500000(Integer), 20(Integer), 20(Integer), 50000(Integer), 200(Integer), 0(Integer), 0(Integer), 0(Integer), 0(Integer), 0(Integer), 0(Integer), 10(Integer), 2019-03-09 14:13:10.712(Timestamp), 600(Integer), 2019-03-09 14:13:11.1(Timestamp), 0(Integer), 0(Integer), true(Boolean), false(Boolean), D(String), 6(Integer), false(Boolean), 64(Long)
2019-03-09 14:13:11,140:DEBUG pool-3-thread-1 (BaseJdbcLogger.java:159) - <==    Updates: 1
2019-03-09 14:13:11,141:INFO pool-3-thread-1 (MybatisAutoMapperInterceptor.java:50) - 使用插件处理SQL语句
2019-03-09 14:13:11,142:DEBUG pool-3-thread-1 (BaseJdbcLogger.java:159) - ==>  Preparing: insert into pool(pool_id,init_integration,init_participate_integration,integration_max,integration_min,plan_participation_rate,plan_participant_rate,current_integration,current_participate_integration,current_participation_rate,current_participant_rate,participant_num,participation_times,winner_num,success_times,plan_period,plan_end_time,award_integration,profit_integration,is_earn,need_meddle,status) values (?,?,?,?,?,?,?,?,?,?,?,?,?,?,?,?,?,?,?,?,?,?) 
2019-03-09 14:13:11,144:DEBUG pool-3-thread-1 (BaseJdbcLogger.java:159) - ==> Parameters: 621837010117595136(Long), 50000(Integer), 200(Integer), 700000(Integer), 500000(Integer), 20(Integer), 20(Integer), 50000(Integer), 200(Integer), 0(Integer), 0(Integer), 0(Integer), 0(Integer), 0(Integer), 0(Integer), 10(Integer), 2019-03-09 14:23:11.141(Timestamp), 0(Integer), 0(Integer), true(Boolean), false(Boolean), C(String)
2019-03-09 14:13:11,192:DEBUG pool-3-thread-1 (BaseJdbcLogger.java:159) - <==    Updates: 1
2019-03-09 14:13:11,193:INFO pool-3-thread-1 (PoolProcessor.java:191) - 新建一个奖池。编号：621837010117595136
